2022.06.18 20:29:39 INFO  ce[][o.s.p.ProcessEntryPoint] Starting ce
2022.06.18 20:29:39 INFO  ce[][o.s.ce.app.CeServer] Compute Engine starting up...
2022.06.18 20:29:40 INFO  ce[][o.s.s.e.EsClientProvider] Connected to local Elasticsearch: [http://localhost:9001]
2022.06.18 20:29:40 INFO  ce[][o.sonar.db.Database] Create JDBC data source for jdbc:postgresql://postgresql/sonar
2022.06.18 20:29:40 INFO  ce[][o.s.s.p.ServerFileSystemImpl] SonarQube home: /opt/sonarqube
2022.06.18 20:29:41 INFO  ce[][o.s.c.c.CePluginRepository] Load plugins
2022.06.18 20:29:41 INFO  ce[][o.s.c.c.ComputeEngineContainerImpl] Running Community edition
2022.06.18 20:29:41 INFO  ce[][o.s.ce.app.CeServer] Compute Engine is operational
2022.06.18 20:29:43 INFO  ce[][o.s.c.t.CeWorkerImpl] worker AYF4gczeayArqwzBgmfK found no pending task (including indexation task). Disabling indexation task lookup for this worker until next SonarQube restart.
2022.06.18 20:31:03 INFO  ce[][o.s.p.ProcessEntryPoint] Gracefully stopping process
2022.06.18 20:31:03 INFO  ce[][o.s.ce.app.CeServer] Compute Engine is stopping...
2022.06.18 20:31:03 INFO  ce[][o.s.c.t.CeProcessingSchedulerImpl] Gracefully stopping workers...
2022.06.18 20:31:03 INFO  ce[][o.s.ce.app.CeServer] Compute Engine is stopped
2022.06.18 20:35:32 INFO  ce[][o.s.p.ProcessEntryPoint] Starting ce
2022.06.18 20:35:32 INFO  ce[][o.s.ce.app.CeServer] Compute Engine starting up...
2022.06.18 20:35:32 INFO  ce[][o.s.s.e.EsClientProvider] Connected to local Elasticsearch: [http://localhost:9001]
2022.06.18 20:35:32 INFO  ce[][o.sonar.db.Database] Create JDBC data source for jdbc:postgresql://postgresql/sonar
2022.06.18 20:35:33 INFO  ce[][o.s.s.p.ServerFileSystemImpl] SonarQube home: /opt/sonarqube
2022.06.18 20:35:33 INFO  ce[][o.s.c.c.CePluginRepository] Load plugins
2022.06.18 20:35:34 INFO  ce[][o.s.c.c.ComputeEngineContainerImpl] Running Community edition
2022.06.18 20:35:34 INFO  ce[][o.s.ce.app.CeServer] Compute Engine is operational
2022.06.18 20:35:36 INFO  ce[][o.s.c.t.CeWorkerImpl] worker AYF4hy3-ZJjv4U98IJu0 found no pending task (including indexation task). Disabling indexation task lookup for this worker until next SonarQube restart.
2022.06.18 20:38:51 INFO  ce[][o.s.p.ProcessEntryPoint] Gracefully stopping process
2022.06.18 20:38:51 INFO  ce[][o.s.ce.app.CeServer] Compute Engine is stopping...
2022.06.18 20:38:51 INFO  ce[][o.s.c.t.CeProcessingSchedulerImpl] Gracefully stopping workers...
2022.06.18 20:38:51 INFO  ce[][o.s.ce.app.CeServer] Compute Engine is stopped
